c:\users\user\documents\visual studio 2013\projects\openglgravity\openglgravity\debug\vc120.pdb
c:\users\user\documents\visual studio 2013\projects\openglgravity\openglgravity\debug\vc120.idb
c:\users\user\documents\visual studio 2013\projects\openglgravity\openglgravity\debug\main.obj
c:\users\user\documents\visual studio 2013\projects\openglgravity\openglgravity\debug\display.obj
c:\users\user\documents\visual studio 2013\projects\openglgravity\openglgravity\debug\mathhelper.obj
c:\users\user\documents\visual studio 2013\projects\openglgravity\openglgravity\debug\mesh.obj
c:\users\user\documents\visual studio 2013\projects\openglgravity\openglgravity\debug\shader.obj
c:\users\user\documents\visual studio 2013\projects\openglgravity\openglgravity\debug\texture.obj
c:\users\user\documents\visual studio 2013\projects\openglgravity\openglgravity\debug\obj_loader.obj
c:\users\user\documents\visual studio 2013\projects\openglgravity\debug\openglgravity.ilk
c:\users\user\documents\visual studio 2013\projects\openglgravity\debug\openglgravity.exe
c:\users\user\documents\visual studio 2013\projects\openglgravity\debug\openglgravity.pdb
c:\users\user\documents\visual studio 2013\projects\openglgravity\openglgravity\debug\openglgravity.tlog\cl.command.1.tlog
c:\users\user\documents\visual studio 2013\projects\openglgravity\openglgravity\debug\openglgravity.tlog\cl.read.1.tlog
c:\users\user\documents\visual studio 2013\projects\openglgravity\openglgravity\debug\openglgravity.tlog\cl.write.1.tlog
c:\users\user\documents\visual studio 2013\projects\openglgravity\openglgravity\debug\openglgravity.tlog\link.7216.read.1.tlog
c:\users\user\documents\visual studio 2013\projects\openglgravity\openglgravity\debug\openglgravity.tlog\link.7216.write.1.tlog
c:\users\user\documents\visual studio 2013\projects\openglgravity\openglgravity\debug\openglgravity.tlog\link.command.1.tlog
c:\users\user\documents\visual studio 2013\projects\openglgravity\openglgravity\debug\openglgravity.tlog\link.read.1.tlog
c:\users\user\documents\visual studio 2013\projects\openglgravity\openglgravity\debug\openglgravity.tlog\link.write.1.tlog
