Build started 05.05.2015 11:25:34.
     1>Project "C:\Users\User\Desktop\OpenGLGravity\OpenGLGravity\OpenGLGravity.vcxproj" on node 2 (Build target(s)).
     1>ClCompile:
         C:\Program Files (x86)\Microsoft Visual Studio 12.0\VC\bin\CL.exe /c /I.\include /ZI /nologo /W3 /WX- /sdl- /Od /Oy- /D _MBCS /Gm /EHsc /RTC1 /MDd /GS /fp:precise /Zc:wchar_t /Zc:forScope /Fo"Debug\\" /Fd"Debug\vc120.pdb" /Gd /TP /analyze- /errorReport:prompt main.cpp
         main.cpp
     1>c:\users\user\desktop\openglgravity\openglgravity\main.cpp(75): warning C4244: 'argument' : conversion from 'double' to 'float', possible loss of data
     1>c:\users\user\desktop\openglgravity\openglgravity\main.cpp(76): warning C4244: 'argument' : conversion from 'double' to 'float', possible loss of data
     1>c:\users\user\desktop\openglgravity\openglgravity\main.cpp(101): warning C4244: 'argument' : conversion from 'time_t' to 'unsigned int', possible loss of data
     1>c:\users\user\desktop\openglgravity\openglgravity\main.cpp(129): warning C4305: 'argument' : truncation from 'double' to 'float'
     1>c:\users\user\desktop\openglgravity\openglgravity\main.cpp(139): warning C4244: '=' : conversion from 'double' to 'float', possible loss of data
     1>c:\users\user\desktop\openglgravity\openglgravity\main.cpp(140): warning C4244: '=' : conversion from 'double' to 'float', possible loss of data
     1>c:\users\user\desktop\openglgravity\openglgravity\main.cpp(141): warning C4244: '=' : conversion from 'double' to 'float', possible loss of data
     1>c:\users\user\desktop\openglgravity\openglgravity\main.cpp(142): warning C4244: 'argument' : conversion from 'double' to 'float', possible loss of data
     1>c:\users\user\desktop\openglgravity\openglgravity\main.cpp(170): warning C4244: '=' : conversion from 'double' to 'float', possible loss of data
     1>c:\users\user\desktop\openglgravity\openglgravity\main.cpp(171): warning C4244: '=' : conversion from 'double' to 'float', possible loss of data
     1>c:\users\user\desktop\openglgravity\openglgravity\main.cpp(172): warning C4244: '=' : conversion from 'double' to 'float', possible loss of data
     1>c:\users\user\desktop\openglgravity\openglgravity\main.cpp(173): warning C4244: 'argument' : conversion from 'double' to 'float', possible loss of data
     1>c:\users\user\desktop\openglgravity\openglgravity\main.cpp(201): warning C4244: 'argument' : conversion from 'double' to 'float', possible loss of data
     1>c:\users\user\desktop\openglgravity\openglgravity\main.cpp(202): warning C4244: 'argument' : conversion from 'double' to 'float', possible loss of data
     1>c:\users\user\desktop\openglgravity\openglgravity\main.cpp(204): warning C4244: '=' : conversion from 'double' to 'float', possible loss of data
     1>c:\users\user\desktop\openglgravity\openglgravity\main.cpp(205): warning C4244: '=' : conversion from 'double' to 'float', possible loss of data
     1>c:\users\user\desktop\openglgravity\openglgravity\main.cpp(206): warning C4244: '=' : conversion from 'double' to 'float', possible loss of data
       Link:
         C:\Program Files (x86)\Microsoft Visual Studio 12.0\VC\bin\link.exe /ERRORREPORT:PROMPT /OUT:"C:\Users\User\Desktop\OpenGLGravity\Debug\OpenGLGravity.exe" /INCREMENTAL /NOLOGO /LIBPATH:.\lib opengl32.lib glew32.lib glew32s.lib SDL2.lib SDL2main.lib SDL2test.lib freeglut.lib kernel32.lib user32.lib gdi32.lib winspool.lib comdlg32.lib advapi32.lib shell32.lib ole32.lib oleaut32.lib uuid.lib odbc32.lib odbccp32.lib /MANIFEST /MANIFESTUAC:"level='asInvoker' uiAccess='false'" /manifest:embed /DEBUG /PDB:"C:\Users\User\Desktop\OpenGLGravity\Debug\OpenGLGravity.pdb" /SUBSYSTEM:CONSOLE /TLBID:1 /DYNAMICBASE /NXCOMPAT /IMPLIB:"C:\Users\User\Desktop\OpenGLGravity\Debug\OpenGLGravity.lib" /MACHINE:X86 Debug\Display.obj
         Debug\main.obj
         Debug\Mesh.obj
         Debug\Obj_Loader.obj
         Debug\Shader.obj
         Debug\Texture.obj
         OpenGLGravity.vcxproj -> C:\Users\User\Desktop\OpenGLGravity\Debug\OpenGLGravity.exe
     1>Done Building Project "C:\Users\User\Desktop\OpenGLGravity\OpenGLGravity\OpenGLGravity.vcxproj" (Build target(s)).

Build succeeded.

Time Elapsed 00:00:01.87
